<?xml version="1.0" encoding="UTF-8"?>
<!-- Generated by org.testng.reporters.JUnitXMLReporter -->
<testsuite ignored="3" hostname="DESKTOP-OM7JNCE" failures="0" tests="1" name="Default test" time="4.625" errors="0" timestamp="2023-09-20T23:33:48 IST">
  <testcase classname="com.spotiffy.test.spotifyTestWithReuseableMethod" name="shouldNotBeAuthorised" time="4.53"/>
  <testcase classname="com.spotiffy.test.spotifyTestWithReuseableMethod" name="updatePlaylist" time="0.0">
    <ignored/>
  </testcase> <!-- updatePlaylist -->
  <testcase classname="com.spotiffy.test.spotifyTestWithReuseableMethod" name="getPlaylist" time="0.0">
    <ignored/>
  </testcase> <!-- getPlaylist -->
  <testcase classname="com.spotiffy.test.spotifyTestWithReuseableMethod" name="creatPlaylist" time="0.0">
    <ignored/>
  </testcase> <!-- creatPlaylist -->
</testsuite> <!-- Default test -->
