<?xml version="1.0" encoding="UTF-8"?>
<testng-results ignored="3" total="4" passed="1" failed="0" skipped="0">
  <reporter-output>
  </reporter-output>
  <suite started-at="2023-09-20T23:33:44 IST" name="Default suite" finished-at="2023-09-20T23:33:48 IST" duration-ms="4625">
    <groups>
    </groups>
    <test started-at="2023-09-20T23:33:44 IST" name="Default test" finished-at="2023-09-20T23:33:48 IST" duration-ms="4625">
      <class name="com.spotiffy.test.spotifyTestWithReuseableMethod">
        <test-method signature="shouldNotBeAuthorised()[pri:4, instance:com.spotiffy.test.spotifyTestWithReuseableMethod@b9b00e0]" started-at="2023-09-20T23:33:44 IST" name="shouldNotBeAuthorised" finished-at="2023-09-20T23:33:48 IST" duration-ms="4530" status="PASS">
          <reporter-output>
          </reporter-output>
        </test-method> <!-- shouldNotBeAuthorised -->
      </class> <!-- com.spotiffy.test.spotifyTestWithReuseableMethod -->
    </test> <!-- Default test -->
  </suite> <!-- Default suite -->
</testng-results>
